<?xml version="1.0" encoding="UTF-8"?>
<!-- Generated by org.testng.reporters.JUnitReportReporter -->
<testsuite hostname="DESKTOP-09FB4NU" failures="0" tests="1" name="integrador.Laboratorio3_Test" time="20.111" errors="0" timestamp="08 nov. 2023 17:53:18 GMT" skipped="0">
  <testcase classname="integrador.Laboratorio3_Test" name="registroUsuario" time="20.111"/>
</testsuite> <!-- integrador.Laboratorio3_Test -->
