<?xml version="1.0" encoding="UTF-8"?>
<!-- Generated by org.testng.reporters.JUnitReportReporter -->
<testsuite hostname="DESKTOP-09FB4NU" failures="0" tests="2" name="pruebas.Laboratorio4_E1" time="17.314" errors="0" timestamp="26 oct. 2023 15:29:25 GMT" skipped="0">
  <testcase classname="pruebas.Laboratorio4_E1" name="irRegistroLogin" time="4.074"/>
  <testcase classname="pruebas.Laboratorio4_E1" name="crearCuentaInvalida" time="13.240"/>
</testsuite> <!-- pruebas.Laboratorio4_E1 -->
