<?xml version="1.0" encoding="UTF-8"?>
<!-- Generated by org.testng.reporters.JUnitReportReporter -->
<testsuite hostname="DESKTOP-09FB4NU" failures="0" tests="1" name="pruebas.Laboratorio4_E2" time="6.520" errors="0" timestamp="06 nov. 2023 14:44:35 GMT" skipped="0">
  <testcase classname="pruebas.Laboratorio4_E2" name="inicioSesionInvalido" time="6.520"/>
</testsuite> <!-- pruebas.Laboratorio4_E2 -->
