<?xml version="1.0" encoding="UTF-8"?>
<!-- Generated by org.testng.reporters.JUnitReportReporter -->
<testsuite hostname="DESKTOP-09FB4NU" failures="0" tests="4" name="integrador.Laboratorio1_Test" time="146.677" errors="0" timestamp="08 nov. 2023 17:53:19 GMT" skipped="0">
  <testcase classname="integrador.Laboratorio1_Test" name="lab1_E3" time="14.917"/>
  <testcase classname="integrador.Laboratorio1_Test" name="lab1_test" time="0.001"/>
  <testcase classname="integrador.Laboratorio1_Test" name="lab1_E1" time="62.308"/>
  <testcase classname="integrador.Laboratorio1_Test" name="lab1_E2" time="69.451"/>
</testsuite> <!-- integrador.Laboratorio1_Test -->
