<?xml version="1.0" encoding="UTF-8"?>
<!-- Generated by org.testng.reporters.JUnitReportReporter -->
<testsuite hostname="DESKTOP-09FB4NU" failures="0" tests="2" name="pruebas.CrossBrowserTest" time="2.385" errors="0" timestamp="07 nov. 2023 13:51:54 GMT" skipped="0">
  <testcase classname="pruebas.CrossBrowserTest" name="busquedaPagina" time="2.099"/>
  <testcase classname="pruebas.CrossBrowserTest" name="busquedaPagina" time="0.286"/>
</testsuite> <!-- pruebas.CrossBrowserTest -->
