<?xml version="1.0" encoding="UTF-8"?>
<!-- Generated by org.testng.reporters.JUnitReportReporter -->
<testsuite hostname="DESKTOP-09FB4NU" failures="0" tests="1" name="integrador.Laboratorio5_E3" time="0.027" errors="0" timestamp="06 nov. 2023 17:41:24 GMT" skipped="0">
  <testcase classname="integrador.Laboratorio5_E3" name="activarAlerta" time="0.027"/>
</testsuite> <!-- integrador.Laboratorio5_E3 -->
