<?xml version="1.0" encoding="UTF-8"?>
<!-- Generated by org.testng.reporters.JUnitReportReporter -->
<testsuite hostname="DESKTOP-09FB4NU" failures="0" tests="1" name="integrador.Laboratorio6_E2" time="2.569" errors="0" timestamp="06 nov. 2023 21:31:16 GMT" skipped="0">
  <testcase classname="integrador.Laboratorio6_E2" name="buscarPalabra" time="2.569"/>
</testsuite> <!-- integrador.Laboratorio6_E2 -->
