<?xml version="1.0" encoding="UTF-8"?>
<!-- Generated by org.testng.reporters.JUnitReportReporter -->
<testsuite hostname="DESKTOP-09FB4NU" failures="0" tests="1" name="integrador.Laboratorio5_E2" time="10.864" errors="0" timestamp="06 nov. 2023 17:32:05 GMT" skipped="0">
  <testcase classname="integrador.Laboratorio5_E2" name="activarAlerta" time="10.864"/>
</testsuite> <!-- integrador.Laboratorio5_E2 -->
