<?xml version="1.0" encoding="UTF-8"?>
<!-- Generated by org.testng.reporters.JUnitReportReporter -->
<testsuite hostname="DESKTOP-09FB4NU" failures="0" tests="2" name="pruebas.Laboratorio4_E1_Test" time="6.520" errors="0" timestamp="08 nov. 2023 17:53:19 GMT" skipped="0">
  <testcase classname="pruebas.Laboratorio4_E1_Test" name="irRegistroLogin" time="4.068"/>
  <testcase classname="pruebas.Laboratorio4_E1_Test" name="crearCuentaInvalida" time="2.452"/>
</testsuite> <!-- pruebas.Laboratorio4_E1_Test -->
