<?xml version="1.0" encoding="UTF-8"?>
<!-- Generated by org.testng.reporters.JUnitReportReporter -->
<testsuite hostname="DESKTOP-09FB4NU" failures="0" tests="1" name="integrador.Laboratorio6_E2_Test" time="5.635" errors="0" timestamp="08 nov. 2023 17:53:19 GMT" skipped="0">
  <testcase classname="integrador.Laboratorio6_E2_Test" name="buscarPalabra" time="5.635"/>
</testsuite> <!-- integrador.Laboratorio6_E2_Test -->
