<?xml version="1.0" encoding="UTF-8"?>
<!-- Generated by org.testng.reporters.JUnitReportReporter -->
<testsuite hostname="DESKTOP-09FB4NU" failures="0" tests="1" name="integrador.Laboratorio2_Test" time="20.743" errors="0" timestamp="08 nov. 2023 18:15:39 GMT" skipped="0">
  <testcase classname="integrador.Laboratorio2_Test" name="lab2_E1" time="20.743"/>
</testsuite> <!-- integrador.Laboratorio2_Test -->
