<?xml version="1.0" encoding="UTF-8"?>
<!-- Generated by org.testng.reporters.JUnitReportReporter -->
<testsuite hostname="DESKTOP-09FB4NU" failures="0" tests="1" name="integrador.Laboratorio1" time="61.807" errors="0" timestamp="26 oct. 2023 15:47:28 GMT" skipped="0">
  <testcase classname="integrador.Laboratorio1" name="lab1_E1" time="61.807"/>
</testsuite> <!-- integrador.Laboratorio1 -->
