<?xml version="1.0" encoding="UTF-8"?>
<!-- Generated by org.testng.reporters.JUnitReportReporter -->
<testsuite hostname="DESKTOP-09FB4NU" failures="0" tests="1" name="Laboratorio3_Ejercicio1" time="37.643" errors="0" timestamp="25 oct. 2023 19:44:36 GMT" skipped="0">
  <testcase classname="Laboratorio3_Ejercicio1" name="registroUsuario" time="37.643"/>
</testsuite> <!-- Laboratorio3_Ejercicio1 -->
