<?xml version="1.0" encoding="UTF-8"?>
<!-- Generated by org.testng.reporters.JUnitReportReporter -->
<testsuite hostname="DESKTOP-09FB4NU" failures="0" tests="1" name="integrador.Laboratorio5" time="0.085" errors="0" timestamp="06 nov. 2023 16:48:50 GMT" skipped="0">
  <testcase classname="integrador.Laboratorio5" name="adjuntarFile" time="0.085"/>
</testsuite> <!-- integrador.Laboratorio5 -->
