<?xml version="1.0" encoding="UTF-8"?>
<!-- Generated by org.testng.reporters.JUnitReportReporter -->
<testsuite hostname="DESKTOP-09FB4NU" failures="0" tests="1" name="pruebas.CrossBrowserTest" time="18.247" errors="0" timestamp="2023-11-08T17:43:32 ART" skipped="0">
  <testcase classname="pruebas.CrossBrowserTest" name="busquedaPagina" time="18.247"/>
</testsuite> <!-- pruebas.CrossBrowserTest -->
