<?xml version="1.0" encoding="UTF-8"?>
<!-- Generated by org.testng.reporters.JUnitReportReporter -->
<testsuite hostname="DESKTOP-09FB4NU" failures="0" tests="1" name="integrador.Laboratorio6_E2_Test" time="2.728" errors="0" timestamp="2023-11-08T17:43:32 ART" skipped="0">
  <testcase classname="integrador.Laboratorio6_E2_Test" name="buscarPalabra" time="2.728"/>
</testsuite> <!-- integrador.Laboratorio6_E2_Test -->
