<?xml version="1.0" encoding="UTF-8"?>
<!-- Generated by org.testng.reporters.JUnitReportReporter -->
<testsuite hostname="DESKTOP-09FB4NU" failures="0" tests="1" name="integrador.Laboratorio5_E3_Test" time="0.023" errors="0" timestamp="2023-11-08T17:43:32 ART" skipped="0">
  <testcase classname="integrador.Laboratorio5_E3_Test" name="activarAlerta" time="0.023"/>
</testsuite> <!-- integrador.Laboratorio5_E3_Test -->
