<?xml version="1.0" encoding="UTF-8"?>
<!-- Generated by org.testng.reporters.JUnitReportReporter -->
<testsuite hostname="DESKTOP-09FB4NU" failures="0" tests="4" name="integrador.Laboratorio1_Test" time="453.907" errors="0" timestamp="2023-11-08T17:43:32 ART" skipped="0">
  <testcase classname="integrador.Laboratorio1_Test" name="lab1_test" time="0.000"/>
  <testcase classname="integrador.Laboratorio1_Test" name="lab1_E3" time="32.437"/>
  <testcase classname="integrador.Laboratorio1_Test" name="lab1_E2" time="244.438"/>
  <testcase classname="integrador.Laboratorio1_Test" name="lab1_E1" time="177.032"/>
</testsuite> <!-- integrador.Laboratorio1_Test -->
