<?xml version="1.0" encoding="UTF-8"?>
<!-- Generated by org.testng.reporters.JUnitReportReporter -->
<testsuite hostname="DESKTOP-09FB4NU" failures="0" tests="1" name="integrador.Laboratorio2_Test" time="28.715" errors="0" timestamp="2023-11-08T17:43:32 ART" skipped="0">
  <testcase classname="integrador.Laboratorio2_Test" name="lab2_E1" time="28.715"/>
</testsuite> <!-- integrador.Laboratorio2_Test -->
