<?xml version="1.0" encoding="UTF-8"?>
<!-- Generated by org.testng.reporters.JUnitReportReporter -->
<testsuite hostname="DESKTOP-09FB4NU" failures="0" tests="1" name="pruebas.Laboratorio4_E2_Test" time="3.146" errors="0" timestamp="2023-11-08T17:43:32 ART" skipped="0">
  <testcase classname="pruebas.Laboratorio4_E2_Test" name="inicioSesionInvalido" time="3.146"/>
</testsuite> <!-- pruebas.Laboratorio4_E2_Test -->
