<?xml version="1.0" encoding="UTF-8"?>
<!-- Generated by org.testng.reporters.JUnitReportReporter -->
<testsuite hostname="DESKTOP-09FB4NU" failures="0" tests="2" name="pruebas.Laboratorio4_E1_Test" time="5.624" errors="0" timestamp="2023-11-08T17:43:32 ART" skipped="0">
  <testcase classname="pruebas.Laboratorio4_E1_Test" name="irRegistroLogin" time="2.728"/>
  <testcase classname="pruebas.Laboratorio4_E1_Test" name="crearCuentaInvalida" time="2.896"/>
</testsuite> <!-- pruebas.Laboratorio4_E1_Test -->
